build/app/intermediates/proguard-rules/release/aapt_rules.txt
# Referenced at merged_manifests/release/AndroidManifest.xml:13
-keep class androidx.core.app.CoreComponentFactory { <init>(); }
# Referenced at merged_manifests/release/AndroidManifest.xml:17
-keep class com.fitness.the_body_move.MainActivity { <init>(); }
# Referenced at merged_manifests/release/AndroidManifest.xml:59
-keep class io.flutter.plugins.urllauncher.WebViewActivity { <init>(); }