build/app/outputs/mapping/release/mapping.txt
# compiler: R8
# compiler_version: 1.5.64
# min_api: 16
# pg_map_id: 83663e6
...
io.flutter.plugin.editing.ListenableEditingState$EditingStateWatcher -> io.flutter.plugin.editing.c$b:
    void didChangeEditingState(boolean,boolean,boolean) -> a
io.flutter.plugin.editing.TextInputPlugin -> io.flutter.plugin.editing.d:
    android.view.autofill.AutofillManager afm -> c
    boolean restartAlwaysRequired -> m
    io.flutter.plugin.editing.TextInputPlugin$InputTarget inputTarget -> e
    boolean mRestartInputPending -> i
    io.flutter.plugin.platform.PlatformViewsController platformViewsController -> k
    io.flutter.embedding.engine.systemchannels.TextInputChannel$Configuration configuration -> f
    android.view.inputmethod.InputConnection lastInputConnection -> j
    boolean isInputConnectionLocked -> q
    android.view.inputmethod.InputMethodManager mImm -> b
    io.flutter.embedding.engine.systemchannels.TextInputChannel textInputChannel -> d
    android.graphics.Rect lastClientRect -> l
    android.view.View mView -> a
    android.util.SparseArray mAutofillConfigurations -> g
    io.flutter.embedding.engine.systemchannels.TextInputChannel$TextEditState mLastKnownFrameworkTextEditingState -> p
    io.flutter.plugin.editing.ListenableEditingState mEditable -> h
    io.flutter.embedding.android.AndroidKeyProcessor keyProcessor -> o
    io.flutter.plugin.editing.ImeSyncDeferringInsetsCallback imeSyncCallback -> n
    android.view.View access$000(io.flutter.plugin.editing.TextInputPlugin) -> a
    void access$100(io.flutter.plugin.editing.TextInputPlugin,android.view.View) -> a
    void access$500(io.flutter.plugin.editing.TextInputPlugin,int) -> a
io.flutter.plugin.editing.TextInputPlugin$1 -> io.flutter.plugin.editing.d$a:
    io.flutter.plugin.editing.TextInputPlugin this$0 -> a
    void finishAutofillContext(boolean) -> a
    void requestAutofill() -> a
    void sendAppPrivateCommand(java.lang.String,android.os.Bundle) -> a
    void setClient(int,io.flutter.embedding.engine.systemchannels.TextInputChannel$Configuration) -> a
    void setEditableSizeAndTransform(double,double,double[]) -> a
    void setEditingState(io.flutter.embedding.engine.systemchannels.TextInputChannel$TextEditState) -> a
    void setPlatformViewClient(int) -> a
    void clearClient() -> b
    void show() -> c
    void hide() -> d
io.flutter.plugin.editing.TextInputPlugin$2 -> io.flutter.plugin.editing.d$b:
    double[] val$matrix -> b
    double[] val$minMax -> c
    boolean val$isAffine -> a
    void inspect(double,double) -> a
io.flutter.plugin.editing.TextInputPlugin$InputTarget -> io.flutter.plugin.editing.d$c:
    io.flutter.plugin.editing.TextInputPlugin$InputTarget$Type type -> a
    int id -> b
io.flutter.plugin.editing.TextInputPlugin$InputTarget$Type -> io.flutter.plugin.editing.d$c$a:
    io.flutter.plugin.editing.TextInputPlugin$InputTarget$Type[] $VALUES -> d
    io.flutter.plugin.editing.TextInputPlugin$InputTarget$Type PLATFORM_VIEW -> c
    io.flutter.plugin.editing.TextInputPlugin$InputTarget$Type NO_TARGET -> a
    io.flutter.plugin.editing.TextInputPlugin$InputTarget$Type FRAMEWORK_CLIENT -> b
io.flutter.plugin.editing.TextInputPlugin$MinMax -> io.flutter.plugin.editing.d$d:
    void inspect(double,double) -> a
io.flutter.plugin.localization.LocalizationPlugin -> b.a.c.b.a:
    android.content.Context context -> b
    io.flutter.embedding.engine.systemchannels.LocalizationChannel localizationChannel -> a
    java.util.Locale resolveNativeLocale(java.util.List) -> a
    void sendLocalesToFlutter(android.content.res.Configuration) -> a